<?xml version="1.0" encoding="UTF-8"?>
<testng-results ignored="0" total="1" passed="1" failed="0" skipped="0">
  <reporter-output>
  </reporter-output>
  <suite started-at="2020-01-21T16:06:16 CST" name="Default suite" finished-at="2020-01-21T16:06:22 CST" duration-ms="5924">
    <groups>
    </groups>
    <test started-at="2020-01-21T16:06:16 CST" name="Default test" finished-at="2020-01-21T16:06:22 CST" duration-ms="5924">
      <class name="RecapPackage.sampleRun">
        <test-method is-config="true" signature="preconditions()[pri:0, instance:RecapPackage.sampleRun@11dc3715]" started-at="2020-01-21T16:06:16 CST" name="preconditions" finished-at="2020-01-21T16:06:19 CST" duration-ms="3082" status="PASS">
          <reporter-output>
          </reporter-output>
        </test-method> <!-- preconditions -->
        <test-method signature="sampleMethod()[pri:0, instance:RecapPackage.sampleRun@11dc3715]" started-at="2020-01-21T16:06:19 CST" name="sampleMethod" finished-at="2020-01-21T16:06:21 CST" duration-ms="1814" status="PASS">
          <reporter-output>
          </reporter-output>
        </test-method> <!-- sampleMethod -->
        <test-method is-config="true" signature="tearDown()[pri:0, instance:RecapPackage.sampleRun@11dc3715]" started-at="2020-01-21T16:06:21 CST" name="tearDown" finished-at="2020-01-21T16:06:22 CST" duration-ms="1000" status="PASS">
          <reporter-output>
          </reporter-output>
        </test-method> <!-- tearDown -->
      </class> <!-- RecapPackage.sampleRun -->
    </test> <!-- Default test -->
  </suite> <!-- Default suite -->
</testng-results>
